#
# A fatal error has been detected by the Java Runtime Environment:
#
#  Internal Error (javaClasses.cpp:136), pid=5056, tid=140476371568384
#  fatal error: Invalid layout of preloaded class
#
# JRE version:  (7.0_76-b13) (build )
# Java VM: Java HotSpot(TM) 64-Bit Server VM (24.76-b04 mixed mode linux-amd64 compressed oops)
# Failed to write core dump. Core dumps have been disabled. To enable core dumping, try "ulimit -c unlimited" before starting Java again
#
# If you would like to submit a bug report, please visit:
#   http://bugreport.java.com/bugreport/crash.jsp
#

---------------  T H R E A D  ---------------

Current thread (0x00007fc32c008800):  JavaThread "Unknown thread" [_thread_in_vm, id=5061, stack(0x00007fc3342a0000,0x00007fc3343a1000)]

Stack: [0x00007fc3342a0000,0x00007fc3343a1000],  sp=0x00007fc33439f7f0,  free space=1021k
Native frames: (J=compiled Java code, j=interpreted, Vv=VM code, C=native code)
V  [libjvm.so+0x9a32ba]  JVM_handle_linux_signal+0x17d77a
V  [libjvm.so+0x498339]  sem_destroy+0x498339
V  [libjvm.so+0x607465]  AsyncGetCallTrace+0xf1d35
V  [libjvm.so+0x608509]  AsyncGetCallTrace+0xf2dd9
V  [libjvm.so+0x9291e5]  JVM_handle_linux_signal+0x1036a5
V  [libjvm.so+0x976bc4]  JVM_handle_linux_signal+0x151084
V  [libjvm.so+0x977079]  JVM_handle_linux_signal+0x151539
V  [libjvm.so+0x5b1d7d]  AsyncGetCallTrace+0x9c64d
V  [libjvm.so+0x95dc4d]  JVM_handle_linux_signal+0x13810d
V  [libjvm.so+0x639fe4]  JNI_CreateJavaVM+0x74
C  [libjli.so+0x2f8e]  JLI_ReportMessage+0xb4e


---------------  P R O C E S S  ---------------

Java Threads: ( => current thread )

Other Threads:

=>0x00007fc32c008800 (exited) JavaThread "Unknown thread" [_thread_in_vm, id=5061, stack(0x00007fc3342a0000,0x00007fc3343a1000)]

VM state:not at safepoint (not fully initialized)

VM Mutex/Monitor currently owned by a thread: None

GC Heap History (0 events):
No events

Deoptimization events (0 events):
No events

Internal exceptions (0 events):
No events

Events (10 events):
Event: 0.009 loading class 0x00007fc334208710 done
Event: 0.010 loading class 0x00007fc334208110 done
Event: 0.010 loading class 0x00007fc3342080f0
Event: 0.010 loading class 0x00007fc3342102a0
Event: 0.010 loading class 0x00007fc3342102a0 done
Event: 0.010 loading class 0x00007fc3342102d0
Event: 0.010 loading class 0x00007fc3342102d0 done
Event: 0.010 loading class 0x00007fc334210300
Event: 0.010 loading class 0x00007fc334210300 done
Event: 0.011 loading class 0x00007fc3342080f0 done


Dynamic libraries:
00400000-00401000 r-xp 00000000 08:02 1074442                            /usr/lib/jvm/java-7-jre/jre/bin/java
00600000-00601000 rw-p 00000000 08:02 1074442                            /usr/lib/jvm/java-7-jre/jre/bin/java
01758000-01779000 rw-p 00000000 00:00 0                                  [heap]
bec00000-c0100000 rw-p 00000000 00:00 0 
c0100000-c3e00000 rw-p 00000000 00:00 0 
c3e00000-c6600000 rw-p 00000000 00:00 0 
c6600000-ebf00000 rw-p 00000000 00:00 0 
ebf00000-ed300000 rw-p 00000000 00:00 0 
ed300000-100000000 rw-p 00000000 00:00 0 
7fc314000000-7fc314021000 rw-p 00000000 00:00 0 
7fc314021000-7fc318000000 ---p 00000000 00:00 0 
7fc318000000-7fc318021000 rw-p 00000000 00:00 0 
7fc318021000-7fc31c000000 ---p 00000000 00:00 0 
7fc31c000000-7fc31c021000 rw-p 00000000 00:00 0 
7fc31c021000-7fc320000000 ---p 00000000 00:00 0 
7fc321f60000-7fc324000000 rw-p 00000000 00:00 0 
7fc324000000-7fc324021000 rw-p 00000000 00:00 0 
7fc324021000-7fc328000000 ---p 00000000 00:00 0 
7fc329000000-7fc329270000 rwxp 00000000 00:00 0 
7fc329270000-7fc32c051000 rw-p 00000000 00:00 0 
7fc32c051000-7fc330000000 ---p 00000000 00:00 0 
7fc33104f000-7fc33107a000 rw-p 00000000 00:00 0 
7fc33107a000-7fc33116f000 r--s 017dd000 08:04 20316771                   /home/jaime/android-sdks/platforms/android-22/android.jar
7fc33116f000-7fc3313ef000 rw-p 00000000 00:00 0 
7fc3313ef000-7fc3313f0000 ---p 00000000 00:00 0 
7fc3313f0000-7fc3314f0000 rw-p 00000000 00:00 0                          [stack:5065]
7fc3314f0000-7fc3314f1000 ---p 00000000 00:00 0 
7fc3314f1000-7fc3315f1000 rw-p 00000000 00:00 0                          [stack:5064]
7fc3315f1000-7fc3315f2000 ---p 00000000 00:00 0 
7fc3315f2000-7fc3316f2000 rw-p 00000000 00:00 0                          [stack:5063]
7fc3316f2000-7fc3316f3000 ---p 00000000 00:00 0 
7fc3316f3000-7fc331807000 rw-p 00000000 00:00 0                          [stack:5062]
7fc331807000-7fc331934000 rw-p 00000000 00:00 0 
7fc331934000-7fc33193f000 rw-p 00000000 00:00 0 
7fc33193f000-7fc33195d000 rw-p 00000000 00:00 0 
7fc33195d000-7fc331971000 rw-p 00000000 00:00 0 
7fc331971000-7fc331a9d000 rw-p 00000000 00:00 0 
7fc331a9d000-7fc331aa8000 rw-p 00000000 00:00 0 
7fc331aa8000-7fc331b3e000 rw-p 00000000 00:00 0 
7fc331b3e000-7fc331b49000 rw-p 00000000 00:00 0 
7fc331b49000-7fc331bff000 rw-p 00000000 00:00 0 
7fc331bff000-7fc331c19000 r-xp 00000000 08:02 1076617                    /usr/lib/jvm/java-7-jre/jre/lib/amd64/libzip.so
7fc331c19000-7fc331e19000 ---p 0001a000 08:02 1076617                    /usr/lib/jvm/java-7-jre/jre/lib/amd64/libzip.so
7fc331e19000-7fc331e1a000 rw-p 0001a000 08:02 1076617                    /usr/lib/jvm/java-7-jre/jre/lib/amd64/libzip.so
7fc331e1a000-7fc331e25000 r-xp 00000000 08:02 134228                     /usr/lib/libnss_files-2.21.so
7fc331e25000-7fc332025000 ---p 0000b000 08:02 134228                     /usr/lib/libnss_files-2.21.so
7fc332025000-7fc332026000 r--p 0000b000 08:02 134228                     /usr/lib/libnss_files-2.21.so
7fc332026000-7fc332027000 rw-p 0000c000 08:02 134228                     /usr/lib/libnss_files-2.21.so
7fc332027000-7fc332050000 r-xp 00000000 08:02 1076602                    /usr/lib/jvm/java-7-jre/jre/lib/amd64/libjava.so
7fc332050000-7fc332250000 ---p 00029000 08:02 1076602                    /usr/lib/jvm/java-7-jre/jre/lib/amd64/libjava.so
7fc332250000-7fc332252000 rw-p 00029000 08:02 1076602                    /usr/lib/jvm/java-7-jre/jre/lib/amd64/libjava.so
7fc332252000-7fc33225f000 r-xp 00000000 08:02 1076573                    /usr/lib/jvm/java-7-jre/jre/lib/amd64/libverify.so
7fc33225f000-7fc33245e000 ---p 0000d000 08:02 1076573                    /usr/lib/jvm/java-7-jre/jre/lib/amd64/libverify.so
7fc33245e000-7fc332460000 rw-p 0000c000 08:02 1076573                    /usr/lib/jvm/java-7-jre/jre/lib/amd64/libverify.so
7fc332460000-7fc332467000 r-xp 00000000 08:02 134265                     /usr/lib/librt-2.21.so
7fc332467000-7fc332666000 ---p 00007000 08:02 134265                     /usr/lib/librt-2.21.so
7fc332666000-7fc332667000 r--p 00006000 08:02 134265                     /usr/lib/librt-2.21.so
7fc332667000-7fc332668000 rw-p 00007000 08:02 134265                     /usr/lib/librt-2.21.so
7fc332668000-7fc33276b000 r-xp 00000000 08:02 134300                     /usr/lib/libm-2.21.so
7fc33276b000-7fc33296b000 ---p 00103000 08:02 134300                     /usr/lib/libm-2.21.so
7fc33296b000-7fc33296c000 r--p 00103000 08:02 134300                     /usr/lib/libm-2.21.so
7fc33296c000-7fc33296d000 rw-p 00104000 08:02 134300                     /usr/lib/libm-2.21.so
7fc33296d000-7fc3334e2000 r-xp 00000000 08:02 1076627                    /usr/lib/jvm/java-7-jre/jre/lib/amd64/server/libjvm.so
7fc3334e2000-7fc3336e2000 ---p 00b75000 08:02 1076627                    /usr/lib/jvm/java-7-jre/jre/lib/amd64/server/libjvm.so
7fc3336e2000-7fc3337a6000 rw-p 00b75000 08:02 1076627                    /usr/lib/jvm/java-7-jre/jre/lib/amd64/server/libjvm.so
7fc3337a6000-7fc3337e7000 rw-p 00000000 00:00 0 
7fc3337e7000-7fc333980000 r-xp 00000000 08:02 134241                     /usr/lib/libc-2.21.so
7fc333980000-7fc333b80000 ---p 00199000 08:02 134241                     /usr/lib/libc-2.21.so
7fc333b80000-7fc333b84000 r--p 00199000 08:02 134241                     /usr/lib/libc-2.21.so
7fc333b84000-7fc333b86000 rw-p 0019d000 08:02 134241                     /usr/lib/libc-2.21.so
7fc333b86000-7fc333b8a000 rw-p 00000000 00:00 0 
7fc333b8a000-7fc333b8c000 r-xp 00000000 08:02 134275                     /usr/lib/libdl-2.21.so
7fc333b8c000-7fc333d8c000 ---p 00002000 08:02 134275                     /usr/lib/libdl-2.21.so
7fc333d8c000-7fc333d8d000 r--p 00002000 08:02 134275                     /usr/lib/libdl-2.21.so
7fc333d8d000-7fc333d8e000 rw-p 00003000 08:02 134275                     /usr/lib/libdl-2.21.so
7fc333d8e000-7fc333da4000 r-xp 00000000 08:02 1076631                    /usr/lib/jvm/java-7-jre/jre/lib/amd64/jli/libjli.so
7fc333da4000-7fc333fa4000 ---p 00016000 08:02 1076631                    /usr/lib/jvm/java-7-jre/jre/lib/amd64/jli/libjli.so
7fc333fa4000-7fc333fa5000 rw-p 00016000 08:02 1076631                    /usr/lib/jvm/java-7-jre/jre/lib/amd64/jli/libjli.so
7fc333fa5000-7fc333fbd000 r-xp 00000000 08:02 134264                     /usr/lib/libpthread-2.21.so
7fc333fbd000-7fc3341bc000 ---p 00018000 08:02 134264                     /usr/lib/libpthread-2.21.so
7fc3341bc000-7fc3341bd000 r--p 00017000 08:02 134264                     /usr/lib/libpthread-2.21.so
7fc3341bd000-7fc3341be000 rw-p 00018000 08:02 134264                     /usr/lib/libpthread-2.21.so
7fc3341be000-7fc3341c2000 rw-p 00000000 00:00 0 
7fc3341c2000-7fc3341e4000 r-xp 00000000 08:02 134295                     /usr/lib/ld-2.21.so
7fc334208000-7fc3342a0000 rw-p 00000000 00:00 0 
7fc3342a0000-7fc3342a3000 ---p 00000000 00:00 0 
7fc3342a3000-7fc3343a6000 rw-p 00000000 00:00 0                          [stack:5061]
7fc3343ae000-7fc3343bb000 rw-p 00000000 00:00 0 
7fc3343bb000-7fc3343d9000 rw-p 00000000 00:00 0 
7fc3343d9000-7fc3343e1000 rw-s 00000000 00:21 50811                      /tmp/hsperfdata_jaime/5056
7fc3343e1000-7fc3343e2000 rw-p 00000000 00:00 0 
7fc3343e2000-7fc3343e3000 r--p 00000000 00:00 0 
7fc3343e3000-7fc3343e4000 r--p 00021000 08:02 134295                     /usr/lib/ld-2.21.so
7fc3343e4000-7fc3343e5000 rw-p 00022000 08:02 134295                     /usr/lib/ld-2.21.so
7fc3343e5000-7fc3343e6000 rw-p 00000000 00:00 0 
7ffdf08cb000-7ffdf08ec000 rw-p 00000000 00:00 0                          [stack]
7ffdf09cb000-7ffdf09cd000 r--p 00000000 00:00 0                          [vvar]
7ffdf09cd000-7ffdf09cf000 r-xp 00000000 00:00 0                          [vdso]
ffffffffff600000-ffffffffff601000 r-xp 00000000 00:00 0                  [vsyscall]

VM Arguments:
jvm_args: -Dfile.encoding=UTF-8 -Xbootclasspath:/home/jaime/android-sdks/platforms/android-22/android.jar 
java_command: com.example.boxrun.Pantalla_Nombre
Launcher Type: SUN_STANDARD

Environment Variables:
PATH=/usr/local/sbin:/usr/local/bin:/usr/bin:/usr/lib/jvm/default/bin:/usr/bin/site_perl:/usr/bin/vendor_perl:/usr/bin/core_perl
SHELL=/bin/bash
DISPLAY=:0.0

Signal Handlers:
SIGSEGV: [libjvm.so+0x9a3bd0], sa_mask[0]=0x7ffbfeff, sa_flags=0x10000004
SIGBUS: [libjvm.so+0x9a3bd0], sa_mask[0]=0x7ffbfeff, sa_flags=0x10000004
SIGFPE: [libjvm.so+0x81cb60], sa_mask[0]=0x7ffbfeff, sa_flags=0x10000004
SIGPIPE: [libjvm.so+0x81cb60], sa_mask[0]=0x7ffbfeff, sa_flags=0x10000004
SIGXFSZ: [libjvm.so+0x81cb60], sa_mask[0]=0x7ffbfeff, sa_flags=0x10000004
SIGILL: [libjvm.so+0x81cb60], sa_mask[0]=0x7ffbfeff, sa_flags=0x10000004
SIGUSR1: SIG_DFL, sa_mask[0]=0x00000000, sa_flags=0x00000000
SIGUSR2: [libjvm.so+0x81e360], sa_mask[0]=0x00000004, sa_flags=0x10000004
SIGHUP: SIG_DFL, sa_mask[0]=0x00000000, sa_flags=0x00000000
SIGINT: SIG_DFL, sa_mask[0]=0x00000000, sa_flags=0x00000000
SIGTERM: SIG_DFL, sa_mask[0]=0x00000000, sa_flags=0x00000000
SIGQUIT: SIG_DFL, sa_mask[0]=0x00000000, sa_flags=0x00000000


---------------  S Y S T E M  ---------------

OS:Linux
uname:Linux 4.0.2-1-ARCH #1 SMP PREEMPT Thu May 7 06:47:54 CEST 2015 x86_64
libc:glibc 2.21 NPTL 2.21 
rlimit: STACK 8192k, CORE 0k, NPROC 14647, NOFILE 4096, AS infinity
load average:0.80 0.68 0.68

/proc/meminfo:
MemTotal:        3935128 kB
MemFree:          253628 kB
MemAvailable:     987008 kB
Buffers:           49860 kB
Cached:          1143576 kB
SwapCached:        16940 kB
Active:          2459604 kB
Inactive:        1004568 kB
Active(anon):    2012880 kB
Inactive(anon):   599848 kB
Active(file):     446724 kB
Inactive(file):   404720 kB
Unevictable:          32 kB
Mlocked:              32 kB
SwapTotal:       4194300 kB
SwapFree:        3899776 kB
Dirty:               352 kB
Writeback:             0 kB
AnonPages:       2266604 kB
Mapped:           257172 kB
Shmem:            341952 kB
Slab:             129716 kB
SReclaimable:     101760 kB
SUnreclaim:        27956 kB
KernelStack:        7136 kB
PageTables:        28024 kB
NFS_Unstable:          0 kB
Bounce:                0 kB
WritebackTmp:          0 kB
CommitLimit:     6161864 kB
Committed_AS:    6559392 kB
VmallocTotal:   34359738367 kB
VmallocUsed:      360844 kB
VmallocChunk:   34359346176 kB
HardwareCorrupted:     0 kB
AnonHugePages:    565248 kB
HugePages_Total:       0
HugePages_Free:        0
HugePages_Rsvd:        0
HugePages_Surp:        0
Hugepagesize:       2048 kB
DirectMap4k:       81920 kB
DirectMap2M:     3995648 kB


CPU:total 4 (2 cores per cpu, 2 threads per core) family 6 model 58 stepping 9, cmov, cx8, fxsr, mmx, sse, sse2, sse3, ssse3, sse4.1, sse4.2, popcnt, avx, erms, ht, tsc, tscinvbit, tscinv

/proc/cpuinfo:
processor	: 0
vendor_id	: GenuineIntel
cpu family	: 6
model		: 58
model name	: Intel(R) Core(TM) i3-3217U CPU @ 1.80GHz
stepping	: 9
microcode	: 0x15
cpu MHz		: 1799.929
cache size	: 3072 KB
physical id	: 0
siblings	: 4
core id		: 0
cpu cores	: 2
apicid		: 0
initial apicid	: 0
fpu		: yes
fpu_exception	: yes
cpuid level	: 13
wp		: yes
flags		: fpu vme de pse tsc msr pae mce cx8 apic sep mtrr pge mca cmov pat pse36 clflush dts acpi mmx fxsr sse sse2 ss ht tm pbe syscall nx rdtscp lm constant_tsc arch_perfmon pebs bts rep_good nopl xtopology nonstop_tsc aperfmperf eagerfpu pni pclmulqdq dtes64 monitor ds_cpl vmx est tm2 ssse3 cx16 xtpr pdcm pcid sse4_1 sse4_2 x2apic popcnt tsc_deadline_timer xsave avx f16c lahf_lm ida arat epb pln pts dtherm tpr_shadow vnmi flexpriority ept vpid fsgsbase smep erms xsaveopt
bugs		:
bogomips	: 3593.43
clflush size	: 64
cache_alignment	: 64
address sizes	: 36 bits physical, 48 bits virtual
power management:

processor	: 1
vendor_id	: GenuineIntel
cpu family	: 6
model		: 58
model name	: Intel(R) Core(TM) i3-3217U CPU @ 1.80GHz
stepping	: 9
microcode	: 0x15
cpu MHz		: 1800.000
cache size	: 3072 KB
physical id	: 0
siblings	: 4
core id		: 1
cpu cores	: 2
apicid		: 2
initial apicid	: 2
fpu		: yes
fpu_exception	: yes
cpuid level	: 13
wp		: yes
flags		: fpu vme de pse tsc msr pae mce cx8 apic sep mtrr pge mca cmov pat pse36 clflush dts acpi mmx fxsr sse sse2 ss ht tm pbe syscall nx rdtscp lm constant_tsc arch_perfmon pebs bts rep_good nopl xtopology nonstop_tsc aperfmperf eagerfpu pni pclmulqdq dtes64 monitor ds_cpl vmx est tm2 ssse3 cx16 xtpr pdcm pcid sse4_1 sse4_2 x2apic popcnt tsc_deadline_timer xsave avx f16c lahf_lm ida arat epb pln pts dtherm tpr_shadow vnmi flexpriority ept vpid fsgsbase smep erms xsaveopt
bugs		:
bogomips	: 3593.43
clflush size	: 64
cache_alignment	: 64
address sizes	: 36 bits physical, 48 bits virtual
power management:

processor	: 2
vendor_id	: GenuineIntel
cpu family	: 6
model		: 58
model name	: Intel(R) Core(TM) i3-3217U CPU @ 1.80GHz
stepping	: 9
microcode	: 0x15
cpu MHz		: 1800.000
cache size	: 3072 KB
physical id	: 0
siblings	: 4
core id		: 0
cpu cores	: 2
apicid		: 1
initial apicid	: 1
fpu		: yes
fpu_exception	: yes
cpuid level	: 13
wp		: yes
flags		: fpu vme de pse tsc msr pae mce cx8 apic sep mtrr pge mca cmov pat pse36 clflush dts acpi mmx fxsr sse sse2 ss ht tm pbe syscall nx rdtscp lm constant_tsc arch_perfmon pebs bts rep_good nopl xtopology nonstop_tsc aperfmperf eagerfpu pni pclmulqdq dtes64 monitor ds_cpl vmx est tm2 ssse3 cx16 xtpr pdcm pcid sse4_1 sse4_2 x2apic popcnt tsc_deadline_timer xsave avx f16c lahf_lm ida arat epb pln pts dtherm tpr_shadow vnmi flexpriority ept vpid fsgsbase smep erms xsaveopt
bugs		:
bogomips	: 3593.43
clflush size	: 64
cache_alignment	: 64
address sizes	: 36 bits physical, 48 bits virtual
power management:

processor	: 3
vendor_id	: GenuineIntel
cpu family	: 6
model		: 58
model name	: Intel(R) Core(TM) i3-3217U CPU @ 1.80GHz
stepping	: 9
microcode	: 0x15
cpu MHz		: 1799.929
cache size	: 3072 KB
physical id	: 0
siblings	: 4
core id		: 1
cpu cores	: 2
apicid		: 3
initial apicid	: 3
fpu		: yes
fpu_exception	: yes
cpuid level	: 13
wp		: yes
flags		: fpu vme de pse tsc msr pae mce cx8 apic sep mtrr pge mca cmov pat pse36 clflush dts acpi mmx fxsr sse sse2 ss ht tm pbe syscall nx rdtscp lm constant_tsc arch_perfmon pebs bts rep_good nopl xtopology nonstop_tsc aperfmperf eagerfpu pni pclmulqdq dtes64 monitor ds_cpl vmx est tm2 ssse3 cx16 xtpr pdcm pcid sse4_1 sse4_2 x2apic popcnt tsc_deadline_timer xsave avx f16c lahf_lm ida arat epb pln pts dtherm tpr_shadow vnmi flexpriority ept vpid fsgsbase smep erms xsaveopt
bugs		:
bogomips	: 3593.43
clflush size	: 64
cache_alignment	: 64
address sizes	: 36 bits physical, 48 bits virtual
power management:



Memory: 4k page, physical 3935128k(253628k free), swap 4194300k(3899776k free)

vm_info: Java HotSpot(TM) 64-Bit Server VM (24.76-b04) for linux-amd64 JRE (1.7.0_76-b13), built on Dec 18 2014 16:58:39 by "java_re" with gcc 4.3.0 20080428 (Red Hat 4.3.0-8)

time: Sat May 16 20:40:28 2015
elapsed time: 0 seconds

